{"meta": {"format": 3, "version": "7.10.7", "timestamp": "2025-10-10T01:36:57.558663", "branch_coverage": true, "show_contexts": false}, "files": {"frogger.py": {"executed_lines": [2, 3, 4, 5, 7, 8, 9, 10, 12, 13, 14, 15, 16, 17, 18, 19, 21, 22, 23, 25, 26, 27, 28, 29, 30, 31, 32, 33, 35, 36, 37, 38, 39, 40, 41, 42, 43, 48, 50, 51, 52, 54, 57, 58, 62, 64, 65, 66, 67, 68, 69, 70, 71, 73, 74, 75, 76, 77, 78, 79, 80, 81, 82, 83, 84, 85, 86, 87, 89, 90, 91, 92, 93, 94, 95, 96, 97, 98, 99, 100, 101, 102, 103, 105, 106, 107, 108, 109, 111, 113, 121, 122, 124, 125, 127, 130, 131, 132, 136, 137, 138, 139, 140, 141, 142, 143, 145, 146, 148, 153, 154, 157, 159, 160, 161, 162, 163, 165, 172, 174, 175, 176, 177, 179, 186, 188, 189, 190, 191, 192, 193, 195, 196, 198, 199, 201, 202, 204, 207, 208, 211, 215, 220, 225, 226, 227, 228, 229, 230, 233, 234, 235, 236, 237, 238, 241, 242, 243, 244, 245, 246, 247, 248, 249, 272, 273, 274, 275, 276, 277, 278, 279, 280, 303, 319, 320, 321, 322, 323, 324, 325, 328, 330, 331, 332, 333, 334, 335, 336, 337, 339, 340, 341, 343, 344, 345, 347, 348, 351, 352, 353, 354, 356, 357, 358, 360, 361, 362, 364, 365, 366, 368, 369, 370, 373, 374, 375, 376, 379, 393, 394, 395, 396, 397, 398, 399, 400, 401, 402, 405, 406, 407, 408, 409, 410, 411, 412, 415, 527], "summary": {"covered_lines": 239, "num_statements": 398, "percent_covered": 56.71378091872791, "percent_covered_display": "57", "missing_lines": 159, "excluded_lines": 0, "num_branches": 168, "num_partial_branches": 8, "covered_branches": 82, "missing_branches": 86}, "missing_lines": [55, 114, 115, 116, 117, 119, 128, 133, 134, 149, 150, 166, 167, 168, 169, 180, 181, 182, 183, 205, 216, 217, 221, 222, 250, 251, 252, 253, 254, 255, 256, 257, 258, 259, 260, 261, 262, 263, 264, 265, 266, 267, 268, 269, 281, 282, 283, 284, 285, 286, 287, 288, 289, 290, 291, 292, 293, 294, 295, 296, 297, 298, 299, 300, 304, 305, 307, 308, 309, 311, 313, 314, 315, 316, 381, 382, 385, 386, 389, 390, 416, 417, 419, 420, 421, 423, 424, 425, 426, 427, 428, 430, 431, 432, 434, 435, 436, 437, 438, 443, 444, 445, 446, 447, 449, 451, 452, 453, 454, 455, 456, 457, 458, 459, 460, 461, 462, 463, 465, 467, 468, 470, 471, 473, 474, 476, 478, 480, 483, 486, 487, 488, 490, 491, 492, 494, 495, 496, 498, 499, 501, 502, 504, 505, 507, 508, 509, 510, 511, 512, 514, 515, 516, 518, 520, 521, 522, 524, 528], "excluded_lines": [], "executed_branches": [[74, -73], [74, 75], [76, 77], [76, 79], [79, 80], [79, 82], [82, 83], [82, 85], [85, 86], [90, 91], [90, 92], [93, 94], [94, 95], [94, 97], [95, 96], [95, 100], [97, 98], [97, 100], [98, 99], [98, 100], [100, 101], [100, 106], [101, -89], [101, 102], [102, 103], [102, 105], [106, -89], [106, 107], [107, -89], [107, 108], [108, 109], [108, 111], [132, -130], [226, -225], [226, 227], [227, 228], [227, 229], [229, 226], [229, 230], [234, -233], [234, 235], [235, 236], [235, 237], [237, 234], [237, 238], [242, -241], [242, 243], [244, 242], [244, 245], [245, 246], [273, -272], [273, 274], [275, 273], [275, 276], [276, 277], [320, -319], [320, 321], [323, 320], [323, 324], [332, 333], [332, 339], [335, 332], [335, 336], [339, 340], [339, 343], [343, 344], [344, 345], [344, 347], [347, 348], [352, 353], [352, 356], [356, 357], [356, 360], [360, 361], [360, 364], [364, 365], [364, 368], [368, 369], [368, 373], [406, -405], [406, 407], [527, -1]], "missing_branches": [[85, -73], [93, -89], [114, -113], [114, 115], [115, 116], [115, 119], [132, 133], [166, 167], [166, 168], [168, -165], [168, 169], [180, 181], [180, 182], [182, -179], [182, 183], [216, -215], [216, 217], [221, -220], [221, 222], [245, 250], [250, 251], [250, 255], [255, 256], [255, 260], [260, 261], [260, 265], [265, 242], [265, 266], [276, 281], [281, 282], [281, 286], [286, 287], [286, 291], [291, 292], [291, 296], [296, 273], [296, 297], [308, 309], [308, 311], [313, 314], [313, 315], [315, -303], [315, 316], [343, -328], [347, -328], [381, 382], [381, 385], [385, 386], [385, 389], [389, -379], [389, 390], [423, 424], [423, 434], [424, 425], [424, 430], [425, 426], [425, 427], [427, 424], [427, 428], [449, 451], [449, 507], [451, 452], [451, 461], [452, 453], [452, 454], [454, 455], [454, 456], [456, 451], [456, 457], [457, 451], [457, 458], [461, 462], [461, 465], [467, 468], [467, 470], [491, 492], [491, 494], [507, 434], [507, 508], [508, 509], [508, 514], [509, 510], [509, 511], [511, 508], [511, 512], [527, 528]], "functions": {"Object.__init__": {"executed_lines": [51, 52], "summary": {"covered_lines": 2, "num_statements": 2, "percent_covered": 100.0, "percent_covered_display": "100", "missing_lines": 0, "excluded_lines": 0, "num_branches": 0, "num_partial_branches": 0, "covered_branches": 0, "missing_branches": 0}, "missing_lines": [], "excluded_lines": [], "executed_branches": [], "missing_branches": []}, "Object.draw": {"executed_lines": [], "summary": {"covered_lines": 0, "num_statements": 1, "percent_covered": 0.0, "percent_covered_display": "0", "missing_lines": 1, "excluded_lines": 0, "num_branches": 0, "num_partial_branches": 0, "covered_branches": 0, "missing_branches": 0}, "missing_lines": [55], "excluded_lines": [], "executed_branches": [], "missing_branches": []}, "Object.rect": {"executed_lines": [58], "summary": {"covered_lines": 1, "num_statements": 1, "percent_covered": 100.0, "percent_covered_display": "100", "missing_lines": 0, "excluded_lines": 0, "num_branches": 0, "num_partial_branches": 0, "covered_branches": 0, "missing_branches": 0}, "missing_lines": [], "excluded_lines": [], "executed_branches": [], "missing_branches": []}, "Frog.__init__": {"executed_lines": [65, 66, 67, 68, 69, 70, 71], "summary": {"covered_lines": 7, "num_statements": 7, "percent_covered": 100.0, "percent_covered_display": "100", "missing_lines": 0, "excluded_lines": 0, "num_branches": 0, "num_partial_branches": 0, "covered_branches": 0, "missing_branches": 0}, "missing_lines": [], "excluded_lines": [], "executed_branches": [], "missing_branches": []}, "Frog.updateSprite": {"executed_lines": [74, 75, 76, 77, 78, 79, 80, 81, 82, 83, 84, 85, 86, 87], "summary": {"covered_lines": 14, "num_statements": 14, "percent_covered": 95.83333333333333, "percent_covered_display": "96", "missing_lines": 0, "excluded_lines": 0, "num_branches": 10, "num_partial_branches": 1, "covered_branches": 9, "missing_branches": 1}, "missing_lines": [], "excluded_lines": [], "executed_branches": [[74, -73], [74, 75], [76, 77], [76, 79], [79, 80], [79, 82], [82, 83], [82, 85], [85, 86]], "missing_branches": [[85, -73]]}, "Frog.moveFrog": {"executed_lines": [90, 91, 92, 93, 94, 95, 96, 97, 98, 99, 100, 101, 102, 103, 105, 106, 107, 108, 109, 111], "summary": {"covered_lines": 20, "num_statements": 20, "percent_covered": 97.72727272727273, "percent_covered_display": "98", "missing_lines": 0, "excluded_lines": 0, "num_branches": 24, "num_partial_branches": 1, "covered_branches": 23, "missing_branches": 1}, "missing_lines": [], "excluded_lines": [], "executed_branches": [[90, 91], [90, 92], [93, 94], [94, 95], [94, 97], [95, 96], [95, 100], [97, 98], [97, 100], [98, 99], [98, 100], [100, 101], [100, 106], [101, -89], [101, 102], [102, 103], [102, 105], [106, -89], [106, 107], [107, -89], [107, 108], [108, 109], [108, 111]], "missing_branches": [[93, -89]]}, "Frog.animateFrog": {"executed_lines": [], "summary": {"covered_lines": 0, "num_statements": 5, "percent_covered": 0.0, "percent_covered_display": "0", "missing_lines": 5, "excluded_lines": 0, "num_branches": 4, "num_partial_branches": 0, "covered_branches": 0, "missing_branches": 4}, "missing_lines": [114, 115, 116, 117, 119], "excluded_lines": [], "executed_branches": [], "missing_branches": [[114, -113], [114, 115], [115, 116], [115, 119]]}, "Frog.setPos": {"executed_lines": [122], "summary": {"covered_lines": 1, "num_statements": 1, "percent_covered": 100.0, "percent_covered_display": "100", "missing_lines": 0, "excluded_lines": 0, "num_branches": 0, "num_partial_branches": 0, "covered_branches": 0, "missing_branches": 0}, "missing_lines": [], "excluded_lines": [], "executed_branches": [], "missing_branches": []}, "Frog.decLives": {"executed_lines": [125], "summary": {"covered_lines": 1, "num_statements": 1, "percent_covered": 100.0, "percent_covered_display": "100", "missing_lines": 0, "excluded_lines": 0, "num_branches": 0, "num_partial_branches": 0, "covered_branches": 0, "missing_branches": 0}, "missing_lines": [], "excluded_lines": [], "executed_branches": [], "missing_branches": []}, "Frog.cannotMove": {"executed_lines": [], "summary": {"covered_lines": 0, "num_statements": 1, "percent_covered": 0.0, "percent_covered_display": "0", "missing_lines": 1, "excluded_lines": 0, "num_branches": 0, "num_partial_branches": 0, "covered_branches": 0, "missing_branches": 0}, "missing_lines": [128], "excluded_lines": [], "executed_branches": [], "missing_branches": []}, "Frog.incAnimationCounter": {"executed_lines": [131, 132], "summary": {"covered_lines": 2, "num_statements": 4, "percent_covered": 50.0, "percent_covered_display": "50", "missing_lines": 2, "excluded_lines": 0, "num_branches": 2, "num_partial_branches": 1, "covered_branches": 1, "missing_branches": 1}, "missing_lines": [133, 134], "excluded_lines": [], "executed_branches": [[132, -130]], "missing_branches": [[132, 133]]}, "Frog.frogDead": {"executed_lines": [137, 138, 139, 140, 141, 142, 143], "summary": {"covered_lines": 7, "num_statements": 7, "percent_covered": 100.0, "percent_covered_display": "100", "missing_lines": 0, "excluded_lines": 0, "num_branches": 0, "num_partial_branches": 0, "covered_branches": 0, "missing_branches": 0}, "missing_lines": [], "excluded_lines": [], "executed_branches": [], "missing_branches": []}, "Frog.setPositionToInitialPosition": {"executed_lines": [146], "summary": {"covered_lines": 1, "num_statements": 1, "percent_covered": 100.0, "percent_covered_display": "100", "missing_lines": 0, "excluded_lines": 0, "num_branches": 0, "num_partial_branches": 0, "covered_branches": 0, "missing_branches": 0}, "missing_lines": [], "excluded_lines": [], "executed_branches": [], "missing_branches": []}, "Frog.draw": {"executed_lines": [], "summary": {"covered_lines": 0, "num_statements": 2, "percent_covered": 0.0, "percent_covered_display": "0", "missing_lines": 2, "excluded_lines": 0, "num_branches": 0, "num_partial_branches": 0, "covered_branches": 0, "missing_branches": 0}, "missing_lines": [149, 150], "excluded_lines": [], "executed_branches": [], "missing_branches": []}, "Frog.rect": {"executed_lines": [154], "summary": {"covered_lines": 1, "num_statements": 1, "percent_covered": 100.0, "percent_covered_display": "100", "missing_lines": 0, "excluded_lines": 0, "num_branches": 0, "num_partial_branches": 0, "covered_branches": 0, "missing_branches": 0}, "missing_lines": [], "excluded_lines": [], "executed_branches": [], "missing_branches": []}, "Enemy.__init__": {"executed_lines": [160, 161, 162, 163], "summary": {"covered_lines": 4, "num_statements": 4, "percent_covered": 100.0, "percent_covered_display": "100", "missing_lines": 0, "excluded_lines": 0, "num_branches": 0, "num_partial_branches": 0, "covered_branches": 0, "missing_branches": 0}, "missing_lines": [], "excluded_lines": [], "executed_branches": [], "missing_branches": []}, "Enemy.move": {"executed_lines": [], "summary": {"covered_lines": 0, "num_statements": 4, "percent_covered": 0.0, "percent_covered_display": "0", "missing_lines": 4, "excluded_lines": 0, "num_branches": 4, "num_partial_branches": 0, "covered_branches": 0, "missing_branches": 4}, "missing_lines": [166, 167, 168, 169], "excluded_lines": [], "executed_branches": [], "missing_branches": [[166, 167], [166, 168], [168, -165], [168, 169]]}, "Plataform.__init__": {"executed_lines": [175, 176, 177], "summary": {"covered_lines": 3, "num_statements": 3, "percent_covered": 100.0, "percent_covered_display": "100", "missing_lines": 0, "excluded_lines": 0, "num_branches": 0, "num_partial_branches": 0, "covered_branches": 0, "missing_branches": 0}, "missing_lines": [], "excluded_lines": [], "executed_branches": [], "missing_branches": []}, "Plataform.move": {"executed_lines": [], "summary": {"covered_lines": 0, "num_statements": 4, "percent_covered": 0.0, "percent_covered_display": "0", "missing_lines": 4, "excluded_lines": 0, "num_branches": 4, "num_partial_branches": 0, "covered_branches": 0, "missing_branches": 4}, "missing_lines": [180, 181, 182, 183], "excluded_lines": [], "executed_branches": [], "missing_branches": [[180, 181], [180, 182], [182, -179], [182, 183]]}, "Game.__init__": {"executed_lines": [189, 190, 191, 192, 193], "summary": {"covered_lines": 5, "num_statements": 5, "percent_covered": 100.0, "percent_covered_display": "100", "missing_lines": 0, "excluded_lines": 0, "num_branches": 0, "num_partial_branches": 0, "covered_branches": 0, "missing_branches": 0}, "missing_lines": [], "excluded_lines": [], "executed_branches": [], "missing_branches": []}, "Game.incLevel": {"executed_lines": [196], "summary": {"covered_lines": 1, "num_statements": 1, "percent_covered": 100.0, "percent_covered_display": "100", "missing_lines": 0, "excluded_lines": 0, "num_branches": 0, "num_partial_branches": 0, "covered_branches": 0, "missing_branches": 0}, "missing_lines": [], "excluded_lines": [], "executed_branches": [], "missing_branches": []}, "Game.incSpeed": {"executed_lines": [199], "summary": {"covered_lines": 1, "num_statements": 1, "percent_covered": 100.0, "percent_covered_display": "100", "missing_lines": 0, "excluded_lines": 0, "num_branches": 0, "num_partial_branches": 0, "covered_branches": 0, "missing_branches": 0}, "missing_lines": [], "excluded_lines": [], "executed_branches": [], "missing_branches": []}, "Game.incPoints": {"executed_lines": [202], "summary": {"covered_lines": 1, "num_statements": 1, "percent_covered": 100.0, "percent_covered_display": "100", "missing_lines": 0, "excluded_lines": 0, "num_branches": 0, "num_partial_branches": 0, "covered_branches": 0, "missing_branches": 0}, "missing_lines": [], "excluded_lines": [], "executed_branches": [], "missing_branches": []}, "Game.decTime": {"executed_lines": [], "summary": {"covered_lines": 0, "num_statements": 1, "percent_covered": 0.0, "percent_covered_display": "0", "missing_lines": 1, "excluded_lines": 0, "num_branches": 0, "num_partial_branches": 0, "covered_branches": 0, "missing_branches": 0}, "missing_lines": [205], "excluded_lines": [], "executed_branches": [], "missing_branches": []}, "Game.resetTime": {"executed_lines": [208], "summary": {"covered_lines": 1, "num_statements": 1, "percent_covered": 100.0, "percent_covered_display": "100", "missing_lines": 0, "excluded_lines": 0, "num_branches": 0, "num_partial_branches": 0, "covered_branches": 0, "missing_branches": 0}, "missing_lines": [], "excluded_lines": [], "executed_branches": [], "missing_branches": []}, "drawList": {"executed_lines": [], "summary": {"covered_lines": 0, "num_statements": 2, "percent_covered": 0.0, "percent_covered_display": "0", "missing_lines": 2, "excluded_lines": 0, "num_branches": 2, "num_partial_branches": 0, "covered_branches": 0, "missing_branches": 2}, "missing_lines": [216, 217], "excluded_lines": [], "executed_branches": [], "missing_branches": [[216, -215], [216, 217]]}, "moveList": {"executed_lines": [], "summary": {"covered_lines": 0, "num_statements": 2, "percent_covered": 0.0, "percent_covered_display": "0", "missing_lines": 2, "excluded_lines": 0, "num_branches": 2, "num_partial_branches": 0, "covered_branches": 0, "missing_branches": 2}, "missing_lines": [221, 222], "excluded_lines": [], "executed_branches": [], "missing_branches": [[221, -220], [221, 222]]}, "destroyEnemys": {"executed_lines": [226, 227, 228, 229, 230], "summary": {"covered_lines": 5, "num_statements": 5, "percent_covered": 100.0, "percent_covered_display": "100", "missing_lines": 0, "excluded_lines": 0, "num_branches": 6, "num_partial_branches": 0, "covered_branches": 6, "missing_branches": 0}, "missing_lines": [], "excluded_lines": [], "executed_branches": [[226, -225], [226, 227], [227, 228], [227, 229], [229, 226], [229, 230]], "missing_branches": []}, "destroyPlataforms": {"executed_lines": [234, 235, 236, 237, 238], "summary": {"covered_lines": 5, "num_statements": 5, "percent_covered": 100.0, "percent_covered_display": "100", "missing_lines": 0, "excluded_lines": 0, "num_branches": 6, "num_partial_branches": 0, "covered_branches": 6, "missing_branches": 0}, "missing_lines": [], "excluded_lines": [], "executed_branches": [[234, -233], [234, 235], [235, 236], [235, 237], [237, 234], [237, 238]], "missing_branches": []}, "createEnemys": {"executed_lines": [242, 243, 244, 245, 246, 247, 248, 249], "summary": {"covered_lines": 8, "num_statements": 28, "percent_covered": 30.952380952380953, "percent_covered_display": "31", "missing_lines": 20, "excluded_lines": 0, "num_branches": 14, "num_partial_branches": 1, "covered_branches": 5, "missing_branches": 9}, "missing_lines": [250, 251, 252, 253, 254, 255, 256, 257, 258, 259, 260, 261, 262, 263, 264, 265, 266, 267, 268, 269], "excluded_lines": [], "executed_branches": [[242, -241], [242, 243], [244, 242], [244, 245], [245, 246]], "missing_branches": [[245, 250], [250, 251], [250, 255], [255, 256], [255, 260], [260, 261], [260, 265], [265, 242], [265, 266]]}, "createPlataform": {"executed_lines": [273, 274, 275, 276, 277, 278, 279, 280], "summary": {"covered_lines": 8, "num_statements": 28, "percent_covered": 30.952380952380953, "percent_covered_display": "31", "missing_lines": 20, "excluded_lines": 0, "num_branches": 14, "num_partial_branches": 1, "covered_branches": 5, "missing_branches": 9}, "missing_lines": [281, 282, 283, 284, 285, 286, 287, 288, 289, 290, 291, 292, 293, 294, 295, 296, 297, 298, 299, 300], "excluded_lines": [], "executed_branches": [[273, -272], [273, 274], [275, 273], [275, 276], [276, 277]], "missing_branches": [[276, 281], [281, 282], [281, 286], [286, 287], [286, 291], [291, 292], [291, 296], [296, 273], [296, 297]]}, "carChangeRoad": {"executed_lines": [], "summary": {"covered_lines": 0, "num_statements": 10, "percent_covered": 0.0, "percent_covered_display": "0", "missing_lines": 10, "excluded_lines": 0, "num_branches": 6, "num_partial_branches": 0, "covered_branches": 0, "missing_branches": 6}, "missing_lines": [304, 305, 307, 308, 309, 311, 313, 314, 315, 316], "excluded_lines": [], "executed_branches": [], "missing_branches": [[308, 309], [308, 311], [313, 314], [313, 315], [315, -303], [315, 316]]}, "frogOnTheStreet": {"executed_lines": [320, 321, 322, 323, 324, 325], "summary": {"covered_lines": 6, "num_statements": 6, "percent_covered": 100.0, "percent_covered_display": "100", "missing_lines": 0, "excluded_lines": 0, "num_branches": 4, "num_partial_branches": 0, "covered_branches": 4, "missing_branches": 0}, "missing_lines": [], "excluded_lines": [], "executed_branches": [[320, -319], [320, 321], [323, 320], [323, 324]], "missing_branches": []}, "frogInTheLake": {"executed_lines": [330, 331, 332, 333, 334, 335, 336, 337, 339, 340, 341, 343, 344, 345, 347, 348], "summary": {"covered_lines": 16, "num_statements": 16, "percent_covered": 92.85714285714286, "percent_covered_display": "93", "missing_lines": 0, "excluded_lines": 0, "num_branches": 12, "num_partial_branches": 2, "covered_branches": 10, "missing_branches": 2}, "missing_lines": [], "excluded_lines": [], "executed_branches": [[332, 333], [332, 339], [335, 332], [335, 336], [339, 340], [339, 343], [343, 344], [344, 345], [344, 347], [347, 348]], "missing_branches": [[343, -328], [347, -328]]}, "frogArrived": {"executed_lines": [352, 353, 354, 356, 357, 358, 360, 361, 362, 364, 365, 366, 368, 369, 370, 373, 374, 375, 376], "summary": {"covered_lines": 19, "num_statements": 19, "percent_covered": 100.0, "percent_covered_display": "100", "missing_lines": 0, "excluded_lines": 0, "num_branches": 10, "num_partial_branches": 0, "covered_branches": 10, "missing_branches": 0}, "missing_lines": [], "excluded_lines": [], "executed_branches": [[352, 353], [352, 356], [356, 357], [356, 360], [360, 361], [360, 364], [364, 365], [364, 368], [368, 369], [368, 373]], "missing_branches": []}, "whereIsTheFrog": {"executed_lines": [], "summary": {"covered_lines": 0, "num_statements": 6, "percent_covered": 0.0, "percent_covered_display": "0", "missing_lines": 6, "excluded_lines": 0, "num_branches": 6, "num_partial_branches": 0, "covered_branches": 0, "missing_branches": 6}, "missing_lines": [381, 382, 385, 386, 389, 390], "excluded_lines": [], "executed_branches": [], "missing_branches": [[381, 382], [381, 385], [385, 386], [385, 389], [389, -379], [389, 390]]}, "createArrived": {"executed_lines": [394, 395, 396, 397, 398, 399, 400, 401, 402], "summary": {"covered_lines": 9, "num_statements": 9, "percent_covered": 100.0, "percent_covered_display": "100", "missing_lines": 0, "excluded_lines": 0, "num_branches": 0, "num_partial_branches": 0, "covered_branches": 0, "missing_branches": 0}, "missing_lines": [], "excluded_lines": [], "executed_branches": [], "missing_branches": []}, "nextLevel": {"executed_lines": [406, 407, 408, 409, 410, 411, 412], "summary": {"covered_lines": 7, "num_statements": 7, "percent_covered": 100.0, "percent_covered_display": "100", "missing_lines": 0, "excluded_lines": 0, "num_branches": 2, "num_partial_branches": 0, "covered_branches": 2, "missing_branches": 0}, "missing_lines": [], "excluded_lines": [], "executed_branches": [[406, -405], [406, 407]], "missing_branches": []}, "main": {"executed_lines": [], "summary": {"covered_lines": 0, "num_statements": 78, "percent_covered": 0.0, "percent_covered_display": "0", "missing_lines": 78, "excluded_lines": 0, "num_branches": 34, "num_partial_branches": 0, "covered_branches": 0, "missing_branches": 34}, "missing_lines": [416, 417, 419, 420, 421, 423, 424, 425, 426, 427, 428, 430, 431, 432, 434, 435, 436, 437, 438, 443, 444, 445, 446, 447, 449, 451, 452, 453, 454, 455, 456, 457, 458, 459, 460, 461, 462, 463, 465, 467, 468, 470, 471, 473, 474, 476, 478, 480, 483, 486, 487, 488, 490, 491, 492, 494, 495, 496, 498, 499, 501, 502, 504, 505, 507, 508, 509, 510, 511, 512, 514, 515, 516, 518, 520, 521, 522, 524], "excluded_lines": [], "executed_branches": [], "missing_branches": [[423, 424], [423, 434], [424, 425], [424, 430], [425, 426], [425, 427], [427, 424], [427, 428], [449, 451], [449, 507], [451, 452], [451, 461], [452, 453], [452, 454], [454, 455], [454, 456], [456, 451], [456, 457], [457, 451], [457, 458], [461, 462], [461, 465], [467, 468], [467, 470], [491, 492], [491, 494], [507, 434], [507, 508], [508, 509], [508, 514], [509, 510], [509, 511], [511, 508], [511, 512]]}, "": {"executed_lines": [2, 3, 4, 5, 7, 8, 9, 10, 12, 13, 14, 15, 16, 17, 18, 19, 21, 22, 23, 25, 26, 27, 28, 29, 30, 31, 32, 33, 35, 36, 37, 38, 39, 40, 41, 42, 43, 48, 50, 54, 57, 62, 64, 73, 89, 113, 121, 124, 127, 130, 136, 145, 148, 153, 157, 159, 165, 172, 174, 179, 186, 188, 195, 198, 201, 204, 207, 211, 215, 220, 225, 233, 241, 272, 303, 319, 328, 351, 379, 393, 405, 415, 527], "summary": {"covered_lines": 83, "num_statements": 84, "percent_covered": 97.67441860465117, "percent_covered_display": "98", "missing_lines": 1, "excluded_lines": 0, "num_branches": 2, "num_partial_branches": 1, "covered_branches": 1, "missing_branches": 1}, "missing_lines": [528], "excluded_lines": [], "executed_branches": [[527, -1]], "missing_branches": [[527, 528]]}}, "classes": {"Object": {"executed_lines": [51, 52, 58], "summary": {"covered_lines": 3, "num_statements": 4, "percent_covered": 75.0, "percent_covered_display": "75", "missing_lines": 1, "excluded_lines": 0, "num_branches": 0, "num_partial_branches": 0, "covered_branches": 0, "missing_branches": 0}, "missing_lines": [55], "excluded_lines": [], "executed_branches": [], "missing_branches": []}, "Frog": {"executed_lines": [65, 66, 67, 68, 69, 70, 71, 74, 75, 76, 77, 78, 79, 80, 81, 82, 83, 84, 85, 86, 87, 90, 91, 92, 93, 94, 95, 96, 97, 98, 99, 100, 101, 102, 103, 105, 106, 107, 108, 109, 111, 122, 125, 131, 132, 137, 138, 139, 140, 141, 142, 143, 146, 154], "summary": {"covered_lines": 54, "num_statements": 64, "percent_covered": 83.65384615384616, "percent_covered_display": "84", "missing_lines": 10, "excluded_lines": 0, "num_branches": 40, "num_partial_branches": 3, "covered_branches": 33, "missing_branches": 7}, "missing_lines": [114, 115, 116, 117, 119, 128, 133, 134, 149, 150], "excluded_lines": [], "executed_branches": [[74, -73], [74, 75], [76, 77], [76, 79], [79, 80], [79, 82], [82, 83], [82, 85], [85, 86], [90, 91], [90, 92], [93, 94], [94, 95], [94, 97], [95, 96], [95, 100], [97, 98], [97, 100], [98, 99], [98, 100], [100, 101], [100, 106], [101, -89], [101, 102], [102, 103], [102, 105], [106, -89], [106, 107], [107, -89], [107, 108], [108, 109], [108, 111], [132, -130]], "missing_branches": [[85, -73], [93, -89], [114, -113], [114, 115], [115, 116], [115, 119], [132, 133]]}, "Enemy": {"executed_lines": [160, 161, 162, 163], "summary": {"covered_lines": 4, "num_statements": 8, "percent_covered": 33.333333333333336, "percent_covered_display": "33", "missing_lines": 4, "excluded_lines": 0, "num_branches": 4, "num_partial_branches": 0, "covered_branches": 0, "missing_branches": 4}, "missing_lines": [166, 167, 168, 169], "excluded_lines": [], "executed_branches": [], "missing_branches": [[166, 167], [166, 168], [168, -165], [168, 169]]}, "Plataform": {"executed_lines": [175, 176, 177], "summary": {"covered_lines": 3, "num_statements": 7, "percent_covered": 27.272727272727273, "percent_covered_display": "27", "missing_lines": 4, "excluded_lines": 0, "num_branches": 4, "num_partial_branches": 0, "covered_branches": 0, "missing_branches": 4}, "missing_lines": [180, 181, 182, 183], "excluded_lines": [], "executed_branches": [], "missing_branches": [[180, 181], [180, 182], [182, -179], [182, 183]]}, "Game": {"executed_lines": [189, 190, 191, 192, 193, 196, 199, 202, 208], "summary": {"covered_lines": 9, "num_statements": 10, "percent_covered": 90.0, "percent_covered_display": "90", "missing_lines": 1, "excluded_lines": 0, "num_branches": 0, "num_partial_branches": 0, "covered_branches": 0, "missing_branches": 0}, "missing_lines": [205], "excluded_lines": [], "executed_branches": [], "missing_branches": []}, "": {"executed_lines": [2, 3, 4, 5, 7, 8, 9, 10, 12, 13, 14, 15, 16, 17, 18, 19, 21, 22, 23, 25, 26, 27, 28, 29, 30, 31, 32, 33, 35, 36, 37, 38, 39, 40, 41, 42, 43, 48, 50, 54, 57, 62, 64, 73, 89, 113, 121, 124, 127, 130, 136, 145, 148, 153, 157, 159, 165, 172, 174, 179, 186, 188, 195, 198, 201, 204, 207, 211, 215, 220, 225, 226, 227, 228, 229, 230, 233, 234, 235, 236, 237, 238, 241, 242, 243, 244, 245, 246, 247, 248, 249, 272, 273, 274, 275, 276, 277, 278, 279, 280, 303, 319, 320, 321, 322, 323, 324, 325, 328, 330, 331, 332, 333, 334, 335, 336, 337, 339, 340, 341, 343, 344, 345, 347, 348, 351, 352, 353, 354, 356, 357, 358, 360, 361, 362, 364, 365, 366, 368, 369, 370, 373, 374, 375, 376, 379, 393, 394, 395, 396, 397, 398, 399, 400, 401, 402, 405, 406, 407, 408, 409, 410, 411, 412, 415, 527], "summary": {"covered_lines": 166, "num_statements": 305, "percent_covered": 50.588235294117645, "percent_covered_display": "51", "missing_lines": 139, "excluded_lines": 0, "num_branches": 120, "num_partial_branches": 5, "covered_branches": 49, "missing_branches": 71}, "missing_lines": [216, 217, 221, 222, 250, 251, 252, 253, 254, 255, 256, 257, 258, 259, 260, 261, 262, 263, 264, 265, 266, 267, 268, 269, 281, 282, 283, 284, 285, 286, 287, 288, 289, 290, 291, 292, 293, 294, 295, 296, 297, 298, 299, 300, 304, 305, 307, 308, 309, 311, 313, 314, 315, 316, 381, 382, 385, 386, 389, 390, 416, 417, 419, 420, 421, 423, 424, 425, 426, 427, 428, 430, 431, 432, 434, 435, 436, 437, 438, 443, 444, 445, 446, 447, 449, 451, 452, 453, 454, 455, 456, 457, 458, 459, 460, 461, 462, 463, 465, 467, 468, 470, 471, 473, 474, 476, 478, 480, 483, 486, 487, 488, 490, 491, 492, 494, 495, 496, 498, 499, 501, 502, 504, 505, 507, 508, 509, 510, 511, 512, 514, 515, 516, 518, 520, 521, 522, 524, 528], "excluded_lines": [], "executed_branches": [[226, -225], [226, 227], [227, 228], [227, 229], [229, 226], [229, 230], [234, -233], [234, 235], [235, 236], [235, 237], [237, 234], [237, 238], [242, -241], [242, 243], [244, 242], [244, 245], [245, 246], [273, -272], [273, 274], [275, 273], [275, 276], [276, 277], [320, -319], [320, 321], [323, 320], [323, 324], [332, 333], [332, 339], [335, 332], [335, 336], [339, 340], [339, 343], [343, 344], [344, 345], [344, 347], [347, 348], [352, 353], [352, 356], [356, 357], [356, 360], [360, 361], [360, 364], [364, 365], [364, 368], [368, 369], [368, 373], [406, -405], [406, 407], [527, -1]], "missing_branches": [[216, -215], [216, 217], [221, -220], [221, 222], [245, 250], [250, 251], [250, 255], [255, 256], [255, 260], [260, 261], [260, 265], [265, 242], [265, 266], [276, 281], [281, 282], [281, 286], [286, 287], [286, 291], [291, 292], [291, 296], [296, 273], [296, 297], [308, 309], [308, 311], [313, 314], [313, 315], [315, -303], [315, 316], [343, -328], [347, -328], [381, 382], [381, 385], [385, 386], [385, 389], [389, -379], [389, 390], [423, 424], [423, 434], [424, 425], [424, 430], [425, 426], [425, 427], [427, 424], [427, 428], [449, 451], [449, 507], [451, 452], [451, 461], [452, 453], [452, 454], [454, 455], [454, 456], [456, 451], [456, 457], [457, 451], [457, 458], [461, 462], [461, 465], [467, 468], [467, 470], [491, 492], [491, 494], [507, 434], [507, 508], [508, 509], [508, 514], [509, 510], [509, 511], [511, 508], [511, 512], [527, 528]]}}}, "test_car_change_road.py": {"executed_lines": [1, 2], "summary": {"covered_lines": 2, "num_statements": 2, "percent_covered": 100.0, "percent_covered_display": "100", "missing_lines": 0, "excluded_lines": 0, "num_branches": 0, "num_partial_branches": 0, "covered_branches": 0, "missing_branches": 0}, "missing_lines": [], "excluded_lines": [], "executed_branches": [], "missing_branches": [], "functions": {"": {"executed_lines": [1, 2], "summary": {"covered_lines": 2, "num_statements": 2, "percent_covered": 100.0, "percent_covered_display": "100", "missing_lines": 0, "excluded_lines": 0, "num_branches": 0, "num_partial_branches": 0, "covered_branches": 0, "missing_branches": 0}, "missing_lines": [], "excluded_lines": [], "executed_branches": [], "missing_branches": []}}, "classes": {"": {"executed_lines": [1, 2], "summary": {"covered_lines": 2, "num_statements": 2, "percent_covered": 100.0, "percent_covered_display": "100", "missing_lines": 0, "excluded_lines": 0, "num_branches": 0, "num_partial_branches": 0, "covered_branches": 0, "missing_branches": 0}, "missing_lines": [], "excluded_lines": [], "executed_branches": [], "missing_branches": []}}}, "test_create_enemy_and_platform.py": {"executed_lines": [1, 2, 4, 7, 9, 10, 11, 12, 13, 14, 17, 18, 19, 20, 21, 22], "summary": {"covered_lines": 16, "num_statements": 16, "percent_covered": 100.0, "percent_covered_display": "100", "missing_lines": 0, "excluded_lines": 0, "num_branches": 0, "num_partial_branches": 0, "covered_branches": 0, "missing_branches": 0}, "missing_lines": [], "excluded_lines": [], "executed_branches": [], "missing_branches": [], "functions": {"test_create_enemy": {"executed_lines": [10, 11, 12, 13, 14], "summary": {"covered_lines": 5, "num_statements": 5, "percent_covered": 100.0, "percent_covered_display": "100", "missing_lines": 0, "excluded_lines": 0, "num_branches": 0, "num_partial_branches": 0, "covered_branches": 0, "missing_branches": 0}, "missing_lines": [], "excluded_lines": [], "executed_branches": [], "missing_branches": []}, "test_create_platform": {"executed_lines": [19, 20, 21, 22], "summary": {"covered_lines": 4, "num_statements": 4, "percent_covered": 100.0, "percent_covered_display": "100", "missing_lines": 0, "excluded_lines": 0, "num_branches": 0, "num_partial_branches": 0, "covered_branches": 0, "missing_branches": 0}, "missing_lines": [], "excluded_lines": [], "executed_branches": [], "missing_branches": []}, "": {"executed_lines": [1, 2, 4, 7, 9, 17, 18], "summary": {"covered_lines": 7, "num_statements": 7, "percent_covered": 100.0, "percent_covered_display": "100", "missing_lines": 0, "excluded_lines": 0, "num_branches": 0, "num_partial_branches": 0, "covered_branches": 0, "missing_branches": 0}, "missing_lines": [], "excluded_lines": [], "executed_branches": [], "missing_branches": []}}, "classes": {"": {"executed_lines": [1, 2, 4, 7, 9, 10, 11, 12, 13, 14, 17, 18, 19, 20, 21, 22], "summary": {"covered_lines": 16, "num_statements": 16, "percent_covered": 100.0, "percent_covered_display": "100", "missing_lines": 0, "excluded_lines": 0, "num_branches": 0, "num_partial_branches": 0, "covered_branches": 0, "missing_branches": 0}, "missing_lines": [], "excluded_lines": [], "executed_branches": [], "missing_branches": []}}}, "test_destroy_car_and_platform.py": {"executed_lines": [1, 2, 4, 7, 18, 19, 20, 21, 22, 24, 25, 26, 28, 29, 32, 36, 38, 39, 40, 41, 42, 43, 44, 45, 46, 47, 50, 61, 62, 63, 64, 65, 67, 68, 69, 71, 72, 75, 79, 81, 82, 83, 84, 86, 87, 88, 89, 91, 92], "summary": {"covered_lines": 49, "num_statements": 49, "percent_covered": 100.0, "percent_covered_display": "100", "missing_lines": 0, "excluded_lines": 0, "num_branches": 16, "num_partial_branches": 0, "covered_branches": 16, "missing_branches": 0}, "missing_lines": [], "excluded_lines": [], "executed_branches": [[21, 22], [21, 24], [25, 26], [25, 28], [40, 41], [40, 42], [44, 45], [44, 46], [64, 65], [64, 67], [68, 69], [68, 71], [83, 84], [83, 86], [88, 89], [88, 91]], "missing_branches": [], "functions": {"test_destroy_car": {"executed_lines": [19, 20, 21, 22, 24, 25, 26, 28, 29], "summary": {"covered_lines": 9, "num_statements": 9, "percent_covered": 100.0, "percent_covered_display": "100", "missing_lines": 0, "excluded_lines": 0, "num_branches": 4, "num_partial_branches": 0, "covered_branches": 4, "missing_branches": 0}, "missing_lines": [], "excluded_lines": [], "executed_branches": [[21, 22], [21, 24], [25, 26], [25, 28]], "missing_branches": []}, "test_destroy_car_multiple_time": {"executed_lines": [38, 39, 40, 41, 42, 43, 44, 45, 46, 47], "summary": {"covered_lines": 10, "num_statements": 10, "percent_covered": 100.0, "percent_covered_display": "100", "missing_lines": 0, "excluded_lines": 0, "num_branches": 4, "num_partial_branches": 0, "covered_branches": 4, "missing_branches": 0}, "missing_lines": [], "excluded_lines": [], "executed_branches": [[40, 41], [40, 42], [44, 45], [44, 46]], "missing_branches": []}, "test_destroy_platform": {"executed_lines": [62, 63, 64, 65, 67, 68, 69, 71, 72], "summary": {"covered_lines": 9, "num_statements": 9, "percent_covered": 100.0, "percent_covered_display": "100", "missing_lines": 0, "excluded_lines": 0, "num_branches": 4, "num_partial_branches": 0, "covered_branches": 4, "missing_branches": 0}, "missing_lines": [], "excluded_lines": [], "executed_branches": [[64, 65], [64, 67], [68, 69], [68, 71]], "missing_branches": []}, "test_destroy_platfrom_multiple_time": {"executed_lines": [81, 82, 83, 84, 86, 87, 88, 89, 91, 92], "summary": {"covered_lines": 10, "num_statements": 10, "percent_covered": 100.0, "percent_covered_display": "100", "missing_lines": 0, "excluded_lines": 0, "num_branches": 4, "num_partial_branches": 0, "covered_branches": 4, "missing_branches": 0}, "missing_lines": [], "excluded_lines": [], "executed_branches": [[83, 84], [83, 86], [88, 89], [88, 91]], "missing_branches": []}, "": {"executed_lines": [1, 2, 4, 7, 18, 32, 36, 50, 61, 75, 79], "summary": {"covered_lines": 11, "num_statements": 11, "percent_covered": 100.0, "percent_covered_display": "100", "missing_lines": 0, "excluded_lines": 0, "num_branches": 0, "num_partial_branches": 0, "covered_branches": 0, "missing_branches": 0}, "missing_lines": [], "excluded_lines": [], "executed_branches": [], "missing_branches": []}}, "classes": {"": {"executed_lines": [1, 2, 4, 7, 18, 19, 20, 21, 22, 24, 25, 26, 28, 29, 32, 36, 38, 39, 40, 41, 42, 43, 44, 45, 46, 47, 50, 61, 62, 63, 64, 65, 67, 68, 69, 71, 72, 75, 79, 81, 82, 83, 84, 86, 87, 88, 89, 91, 92], "summary": {"covered_lines": 49, "num_statements": 49, "percent_covered": 100.0, "percent_covered_display": "100", "missing_lines": 0, "excluded_lines": 0, "num_branches": 16, "num_partial_branches": 0, "covered_branches": 16, "missing_branches": 0}, "missing_lines": [], "excluded_lines": [], "executed_branches": [[21, 22], [21, 24], [25, 26], [25, 28], [40, 41], [40, 42], [44, 45], [44, 46], [64, 65], [64, 67], [68, 69], [68, 71], [83, 84], [83, 86], [88, 89], [88, 91]], "missing_branches": []}}}, "test_frog.py": {"executed_lines": [1, 2, 4, 5, 6, 7, 10, 28, 29, 30, 31, 32, 33, 34, 37, 47, 48, 49, 50, 51, 52, 53, 56, 62, 63, 64, 65, 66, 67, 68, 69, 72, 86, 88, 89, 90, 91, 92, 93, 94, 95, 98, 108, 109, 110, 111, 112, 113], "summary": {"covered_lines": 48, "num_statements": 48, "percent_covered": 100.0, "percent_covered_display": "100", "missing_lines": 0, "excluded_lines": 0, "num_branches": 2, "num_partial_branches": 0, "covered_branches": 2, "missing_branches": 0}, "missing_lines": [], "excluded_lines": [], "executed_branches": [[94, -72], [94, 95]], "missing_branches": [], "functions": {"test_moveFrog": {"executed_lines": [29, 30, 31, 32, 33, 34], "summary": {"covered_lines": 6, "num_statements": 6, "percent_covered": 100.0, "percent_covered_display": "100", "missing_lines": 0, "excluded_lines": 0, "num_branches": 0, "num_partial_branches": 0, "covered_branches": 0, "missing_branches": 0}, "missing_lines": [], "excluded_lines": [], "executed_branches": [], "missing_branches": []}, "test_frog_collide_with_car": {"executed_lines": [48, 49, 50, 51, 52, 53], "summary": {"covered_lines": 6, "num_statements": 6, "percent_covered": 100.0, "percent_covered_display": "100", "missing_lines": 0, "excluded_lines": 0, "num_branches": 0, "num_partial_branches": 0, "covered_branches": 0, "missing_branches": 0}, "missing_lines": [], "excluded_lines": [], "executed_branches": [], "missing_branches": []}, "test_frog_on_wood": {"executed_lines": [63, 64, 65, 66, 67, 68, 69], "summary": {"covered_lines": 7, "num_statements": 7, "percent_covered": 100.0, "percent_covered_display": "100", "missing_lines": 0, "excluded_lines": 0, "num_branches": 0, "num_partial_branches": 0, "covered_branches": 0, "missing_branches": 0}, "missing_lines": [], "excluded_lines": [], "executed_branches": [], "missing_branches": []}, "test_frog_arrived": {"executed_lines": [88, 89, 90, 91, 92, 93, 94, 95], "summary": {"covered_lines": 8, "num_statements": 8, "percent_covered": 100.0, "percent_covered_display": "100", "missing_lines": 0, "excluded_lines": 0, "num_branches": 2, "num_partial_branches": 0, "covered_branches": 2, "missing_branches": 0}, "missing_lines": [], "excluded_lines": [], "executed_branches": [[94, -72], [94, 95]], "missing_branches": []}, "test_all_frog_arrived": {"executed_lines": [109, 110, 111, 112, 113], "summary": {"covered_lines": 5, "num_statements": 5, "percent_covered": 100.0, "percent_covered_display": "100", "missing_lines": 0, "excluded_lines": 0, "num_branches": 0, "num_partial_branches": 0, "covered_branches": 0, "missing_branches": 0}, "missing_lines": [], "excluded_lines": [], "executed_branches": [], "missing_branches": []}, "": {"executed_lines": [1, 2, 4, 5, 6, 7, 10, 28, 37, 47, 56, 62, 72, 86, 98, 108], "summary": {"covered_lines": 16, "num_statements": 16, "percent_covered": 100.0, "percent_covered_display": "100", "missing_lines": 0, "excluded_lines": 0, "num_branches": 0, "num_partial_branches": 0, "covered_branches": 0, "missing_branches": 0}, "missing_lines": [], "excluded_lines": [], "executed_branches": [], "missing_branches": []}}, "classes": {"": {"executed_lines": [1, 2, 4, 5, 6, 7, 10, 28, 29, 30, 31, 32, 33, 34, 37, 47, 48, 49, 50, 51, 52, 53, 56, 62, 63, 64, 65, 66, 67, 68, 69, 72, 86, 88, 89, 90, 91, 92, 93, 94, 95, 98, 108, 109, 110, 111, 112, 113], "summary": {"covered_lines": 48, "num_statements": 48, "percent_covered": 100.0, "percent_covered_display": "100", "missing_lines": 0, "excluded_lines": 0, "num_branches": 2, "num_partial_branches": 0, "covered_branches": 2, "missing_branches": 0}, "missing_lines": [], "excluded_lines": [], "executed_branches": [[94, -72], [94, 95]], "missing_branches": []}}}}, "totals": {"covered_lines": 354, "num_statements": 513, "percent_covered": 64.94992846924177, "percent_covered_display": "65", "missing_lines": 159, "excluded_lines": 0, "num_branches": 186, "num_partial_branches": 8, "covered_branches": 100, "missing_branches": 86}}